<?xml version="1.0" encoding="UTF-8"?>
<testng-results ignored="0" total="1" passed="1" failed="0" skipped="0">
  <reporter-output>
  </reporter-output>
  <suite started-at="2022-12-06T10:29:49 COT" name="Default suite" finished-at="2022-12-06T10:30:40 COT" duration-ms="51089">
    <groups>
    </groups>
    <test started-at="2022-12-06T10:29:49 COT" name="Default test" finished-at="2022-12-06T10:30:40 COT" duration-ms="51089">
      <class name="com.demoautomatizacion.test.LoginTest">
        <test-method is-config="true" signature="inicializar()[pri:0, instance:com.demoautomatizacion.test.LoginTest@32d418a9]" started-at="2022-12-06T10:29:50 COT" name="inicializar" finished-at="2022-12-06T10:29:55 COT" duration-ms="5199" status="PASS">
          <reporter-output>
          </reporter-output>
        </test-method> <!-- inicializar -->
        <test-method signature="ingresarPortalAlmaviva(java.lang.String,java.lang.String,java.lang.String,java.lang.String,java.lang.String,java.lang.String,java.lang.String,java.lang.String,java.lang.String,java.lang.String)[pri:0, instance:com.demoautomatizacion.test.LoginTest@32d418a9]" started-at="2022-12-06T10:29:55 COT" name="ingresarPortalAlmaviva" description="Login Portal Almaviva" data-provider="AppClaro" finished-at="2022-12-06T10:30:40 COT" duration-ms="44656" status="PASS">
          <params>
            <param index="0">
              <value>
                <![CDATA[./src/test/resources/images/logo_periferia.png/]]>
              </value>
            </param>
            <param index="1">
              <value>
                <![CDATA[InicioSesion]]>
              </value>
            </param>
            <param index="2">
              <value>
                <![CDATA[./src/test/resources/evidence/]]>
              </value>
            </param>
            <param index="3">
              <value>
                <![CDATA[SI]]>
              </value>
            </param>
            <param index="4">
              <value>
                <![CDATA[ValidarLogueo]]>
              </value>
            </param>
            <param index="5">
              <value>
                <![CDATA[DiegoEstepa]]>
              </value>
            </param>
            <param index="6">
              <value>
                <![CDATA[https://172.168.10.101:4301]]>
              </value>
            </param>
            <param index="7">
              <value>
                <![CDATA[https://201.184.123.118:4300/#/login/inicio]]>
              </value>
            </param>
            <param index="8">
              <value>
                <![CDATA[wcarrill.ext]]>
              </value>
            </param>
            <param index="9">
              <value>
                <![CDATA[123]]>
              </value>
            </param>
          </params>
          <reporter-output>
          </reporter-output>
        </test-method> <!-- ingresarPortalAlmaviva -->
        <test-method is-config="true" signature="tearDown()[pri:0, instance:com.demoautomatizacion.test.LoginTest@32d418a9]" started-at="2022-12-06T10:30:40 COT" name="tearDown" finished-at="2022-12-06T10:30:40 COT" duration-ms="177" status="PASS">
          <reporter-output>
          </reporter-output>
        </test-method> <!-- tearDown -->
      </class> <!-- com.demoautomatizacion.test.LoginTest -->
    </test> <!-- Default test -->
  </suite> <!-- Default suite -->
</testng-results>
